0 verbose cli C:\Program Files\nodejs\node.exe C:\Users\jjcha\AppData\Roaming\npm\node_modules\npm\bin\npm-cli.js
1 info using npm@10.7.0
2 info using node@v22.15.0
3 silly config:load:file:C:\Users\jjcha\AppData\Roaming\npm\node_modules\npm\npmrc
4 silly config:load:file:D:\fairproject\countrymeals\.npmrc
5 silly config:load:file:C:\Users\jjcha\.npmrc
6 silly config:load:file:C:\Users\jjcha\AppData\Roaming\npm\etc\npmrc
7 verbose title npm install mongoose dotenv axios
8 verbose argv "install" "mongoose" "dotenv" "axios"
9 verbose logfile logs-max:10 dir:D:\fairproject\countrymeals\.npm-cache\_logs\2025-12-13T03_18_55_288Z-
10 verbose logfile D:\fairproject\countrymeals\.npm-cache\_logs\2025-12-13T03_18_55_288Z-debug-0.log
11 silly logfile done cleaning log files
12 silly idealTree buildDeps
13 silly fetch manifest mongoose@*
14 http fetch GET 200 https://registry.npmjs.org/npm 426ms
15 http fetch GET 200 https://registry.npmjs.org/mongoose 754ms (cache miss)
16 silly fetch manifest dotenv@*
17 http fetch GET 200 https://registry.npmjs.org/dotenv 78ms (cache miss)
18 silly fetch manifest axios@*
19 http fetch GET 200 https://registry.npmjs.org/axios 59ms (cache miss)
20 silly placeDep ROOT axios@1.13.2 OK for: countrymeals@0.1.0 want: *
21 silly placeDep ROOT dotenv@17.2.3 OK for: countrymeals@0.1.0 want: *
22 silly placeDep ROOT mongoose@9.0.1 OK for: countrymeals@0.1.0 want: *
23 silly fetch manifest follow-redirects@^1.15.6
24 silly fetch manifest form-data@^4.0.4
25 silly fetch manifest proxy-from-env@^1.1.0
26 silly fetch manifest kareem@3.0.0
27 silly fetch manifest mongodb@~7.0
28 silly fetch manifest mpath@0.9.0
29 silly fetch manifest mquery@6.0.0
30 silly fetch manifest sift@17.1.3
31 http fetch GET 200 https://registry.npmjs.org/form-data 82ms (cache miss)
32 http fetch GET 200 https://registry.npmjs.org/follow-redirects 84ms (cache miss)
33 http fetch GET 200 https://registry.npmjs.org/proxy-from-env 112ms (cache miss)
34 http fetch GET 200 https://registry.npmjs.org/mongodb 218ms (cache miss)
35 http fetch GET 200 https://registry.npmjs.org/kareem 581ms (cache miss)
36 http fetch GET 200 https://registry.npmjs.org/mquery 585ms (cache miss)
37 http fetch GET 200 https://registry.npmjs.org/mpath 588ms (cache miss)
38 http fetch GET 200 https://registry.npmjs.org/sift 649ms (cache miss)
39 silly placeDep ROOT follow-redirects@1.15.11 OK for: axios@1.13.2 want: ^1.15.6
40 silly placeDep ROOT form-data@4.0.5 OK for: axios@1.13.2 want: ^4.0.4
41 silly placeDep ROOT proxy-from-env@1.1.0 OK for: axios@1.13.2 want: ^1.1.0
42 silly fetch manifest asynckit@^0.4.0
43 silly fetch manifest combined-stream@^1.0.8
44 silly fetch manifest mime-types@^2.1.12
45 http fetch GET 200 https://registry.npmjs.org/asynckit 52ms (cache miss)
46 http fetch GET 200 https://registry.npmjs.org/combined-stream 55ms (cache miss)
47 http fetch GET 200 https://registry.npmjs.org/mime-types 150ms (cache miss)
48 silly placeDep ROOT asynckit@0.4.0 OK for: form-data@4.0.5 want: ^0.4.0
49 silly placeDep ROOT combined-stream@1.0.8 OK for: form-data@4.0.5 want: ^1.0.8
50 silly placeDep ROOT mime-types@2.1.35 OK for: form-data@4.0.5 want: ^2.1.12
51 silly fetch manifest delayed-stream@~1.0.0
52 silly fetch manifest mime-db@1.52.0
53 http fetch GET 200 https://registry.npmjs.org/delayed-stream 61ms (cache miss)
54 http fetch GET 200 https://registry.npmjs.org/mime-db 66ms (cache miss)
55 silly placeDep ROOT delayed-stream@1.0.0 OK for: combined-stream@1.0.8 want: ~1.0.0
56 silly placeDep ROOT mime-db@1.52.0 OK for: mime-types@2.1.35 want: 1.52.0
57 silly fetch manifest @aws-sdk/credential-providers@^3.806.0
58 http fetch GET 200 https://registry.npmjs.org/@aws-sdk%2fcredential-providers 138ms (cache miss)
59 silly fetch manifest @mongodb-js/zstd@^7.0.0
60 http fetch GET 200 https://registry.npmjs.org/@mongodb-js%2fzstd 352ms (cache miss)
61 silly fetch manifest gcp-metadata@^7.0.1
62 http fetch GET 200 https://registry.npmjs.org/gcp-metadata 55ms (cache miss)
63 silly fetch manifest kerberos@^7.0.0
64 http fetch GET 200 https://registry.npmjs.org/kerberos 73ms (cache miss)
65 silly fetch manifest mongodb-client-encryption@>=7.0.0 <7.1.0
66 http fetch GET 200 https://registry.npmjs.org/mongodb-client-encryption 68ms (cache miss)
67 silly fetch manifest snappy@^7.3.2
68 http fetch GET 200 https://registry.npmjs.org/snappy 74ms (cache miss)
69 silly fetch manifest socks@^2.8.6
70 http fetch GET 200 https://registry.npmjs.org/socks 66ms (cache miss)
71 silly placeDep ROOT kareem@3.0.0 OK for: mongoose@9.0.1 want: 3.0.0
72 silly placeDep ROOT mongodb@7.0.0 OK for: mongoose@9.0.1 want: ~7.0
73 silly placeDep ROOT mpath@0.9.0 OK for: mongoose@9.0.1 want: 0.9.0
74 silly placeDep ROOT mquery@6.0.0 OK for: mongoose@9.0.1 want: 6.0.0
75 silly placeDep ROOT sift@17.1.3 OK for: mongoose@9.0.1 want: 17.1.3
76 silly fetch manifest bson@^7.0.0
77 silly fetch manifest @mongodb-js/saslprep@^1.3.0
78 silly fetch manifest mongodb-connection-string-url@^7.0.0
79 http fetch GET 200 https://registry.npmjs.org/@mongodb-js%2fsaslprep 55ms (cache miss)
80 http fetch GET 200 https://registry.npmjs.org/bson 85ms (cache miss)
81 http fetch GET 200 https://registry.npmjs.org/mongodb-connection-string-url 92ms (cache miss)
82 silly placeDep ROOT @mongodb-js/saslprep@1.4.0 OK for: mongodb@7.0.0 want: ^1.3.0
83 silly placeDep ROOT bson@7.0.0 OK for: mongodb@7.0.0 want: ^7.0.0
84 silly placeDep ROOT mongodb-connection-string-url@7.0.0 OK for: mongodb@7.0.0 want: ^7.0.0
85 silly fetch manifest sparse-bitfield@^3.0.3
86 silly fetch manifest @types/whatwg-url@^13.0.0
87 silly fetch manifest whatwg-url@^14.1.0
88 http fetch GET 200 https://registry.npmjs.org/whatwg-url 71ms (cache miss)
89 http fetch GET 200 https://registry.npmjs.org/sparse-bitfield 75ms (cache miss)
90 http fetch GET 200 https://registry.npmjs.org/@types%2fwhatwg-url 76ms (cache miss)
91 silly placeDep ROOT sparse-bitfield@3.0.3 OK for: @mongodb-js/saslprep@1.4.0 want: ^3.0.3
92 silly fetch manifest memory-pager@^1.0.2
93 http fetch GET 200 https://registry.npmjs.org/memory-pager 78ms (cache miss)
94 silly placeDep ROOT @types/whatwg-url@13.0.0 OK for: mongodb-connection-string-url@7.0.0 want: ^13.0.0
95 silly placeDep ROOT whatwg-url@14.2.0 OK for: mongodb-connection-string-url@7.0.0 want: ^14.1.0
96 silly fetch manifest @types/webidl-conversions@*
97 silly fetch manifest tr46@^5.1.0
98 silly fetch manifest webidl-conversions@^7.0.0
99 http fetch GET 200 https://registry.npmjs.org/@types%2fwebidl-conversions 65ms (cache miss)
100 http fetch GET 200 https://registry.npmjs.org/webidl-conversions 73ms (cache miss)
101 http fetch GET 200 https://registry.npmjs.org/tr46 86ms (cache miss)
102 silly placeDep ROOT @types/webidl-conversions@7.0.3 OK for: @types/whatwg-url@13.0.0 want: *
103 silly placeDep ROOT memory-pager@1.5.0 OK for: sparse-bitfield@3.0.3 want: ^1.0.2
104 silly placeDep ROOT tr46@5.1.1 OK for: whatwg-url@14.2.0 want: ^5.1.0
105 silly placeDep ROOT webidl-conversions@7.0.0 OK for: whatwg-url@14.2.0 want: ^7.0.0
106 silly reify moves {}
107 verbose reify failed optional dependency D:\fairproject\countrymeals\node_modules\@tailwindcss\oxide-wasm32-wasi
108 silly reify mark deleted [
108 silly reify   'D:\\fairproject\\countrymeals\\node_modules\\@tailwindcss\\oxide-wasm32-wasi'
108 silly reify ]
109 silly audit bulk request {
109 silly audit   '@alloc/quick-lru': [ '5.2.0' ],
109 silly audit   '@babel/code-frame': [ '7.27.1' ],
109 silly audit   '@babel/compat-data': [ '7.28.5' ],
109 silly audit   '@babel/core': [ '7.28.5' ],
109 silly audit   '@babel/generator': [ '7.28.5' ],
109 silly audit   '@babel/helper-compilation-targets': [ '7.27.2' ],
109 silly audit   '@babel/helper-globals': [ '7.28.0' ],
109 silly audit   '@babel/helper-module-imports': [ '7.27.1' ],
109 silly audit   '@babel/helper-module-transforms': [ '7.28.3' ],
109 silly audit   '@babel/helper-string-parser': [ '7.27.1' ],
109 silly audit   '@babel/helper-validator-identifier': [ '7.28.5' ],
109 silly audit   '@babel/helper-validator-option': [ '7.27.1' ],
109 silly audit   '@babel/helpers': [ '7.28.4' ],
109 silly audit   '@babel/parser': [ '7.28.5' ],
109 silly audit   '@babel/template': [ '7.27.2' ],
109 silly audit   '@babel/traverse': [ '7.28.5' ],
109 silly audit   '@babel/types': [ '7.28.5' ],
109 silly audit   '@emnapi/core': [ '1.7.1' ],
109 silly audit   '@emnapi/runtime': [ '1.7.1' ],
109 silly audit   '@emnapi/wasi-threads': [ '1.1.0' ],
109 silly audit   '@eslint-community/eslint-utils': [ '4.9.0' ],
109 silly audit   'eslint-visitor-keys': [ '3.4.3', '4.2.1' ],
109 silly audit   '@eslint-community/regexpp': [ '4.12.2' ],
109 silly audit   '@eslint/config-array': [ '0.21.1' ],
109 silly audit   '@eslint/config-helpers': [ '0.4.2' ],
109 silly audit   '@eslint/core': [ '0.17.0' ],
109 silly audit   '@eslint/eslintrc': [ '3.3.3' ],
109 silly audit   '@eslint/js': [ '9.39.2' ],
109 silly audit   '@eslint/object-schema': [ '2.1.7' ],
109 silly audit   '@eslint/plugin-kit': [ '0.4.1' ],
109 silly audit   '@humanfs/core': [ '0.19.1' ],
109 silly audit   '@humanfs/node': [ '0.16.7' ],
109 silly audit   '@humanwhocodes/module-importer': [ '1.0.1' ],
109 silly audit   '@humanwhocodes/retry': [ '0.4.3' ],
109 silly audit   '@img/colour': [ '1.0.0' ],
109 silly audit   '@img/sharp-darwin-arm64': [ '0.34.5' ],
109 silly audit   '@img/sharp-darwin-x64': [ '0.34.5' ],
109 silly audit   '@img/sharp-libvips-darwin-arm64': [ '1.2.4' ],
109 silly audit   '@img/sharp-libvips-darwin-x64': [ '1.2.4' ],
109 silly audit   '@img/sharp-libvips-linux-arm': [ '1.2.4' ],
109 silly audit   '@img/sharp-libvips-linux-arm64': [ '1.2.4' ],
109 silly audit   '@img/sharp-libvips-linux-ppc64': [ '1.2.4' ],
109 silly audit   '@img/sharp-libvips-linux-riscv64': [ '1.2.4' ],
109 silly audit   '@img/sharp-libvips-linux-s390x': [ '1.2.4' ],
109 silly audit   '@img/sharp-libvips-linux-x64': [ '1.2.4' ],
109 silly audit   '@img/sharp-libvips-linuxmusl-arm64': [ '1.2.4' ],
109 silly audit   '@img/sharp-libvips-linuxmusl-x64': [ '1.2.4' ],
109 silly audit   '@img/sharp-linux-arm': [ '0.34.5' ],
109 silly audit   '@img/sharp-linux-arm64': [ '0.34.5' ],
109 silly audit   '@img/sharp-linux-ppc64': [ '0.34.5' ],
109 silly audit   '@img/sharp-linux-riscv64': [ '0.34.5' ],
109 silly audit   '@img/sharp-linux-s390x': [ '0.34.5' ],
109 silly audit   '@img/sharp-linux-x64': [ '0.34.5' ],
109 silly audit   '@img/sharp-linuxmusl-arm64': [ '0.34.5' ],
109 silly audit   '@img/sharp-linuxmusl-x64': [ '0.34.5' ],
109 silly audit   '@img/sharp-wasm32': [ '0.34.5' ],
109 silly audit   '@img/sharp-win32-arm64': [ '0.34.5' ],
109 silly audit   '@img/sharp-win32-ia32': [ '0.34.5' ],
109 silly audit   '@img/sharp-win32-x64': [ '0.34.5' ],
109 silly audit   '@jridgewell/gen-mapping': [ '0.3.13' ],
109 silly audit   '@jridgewell/remapping': [ '2.3.5' ],
109 silly audit   '@jridgewell/resolve-uri': [ '3.1.2' ],
109 silly audit   '@jridgewell/sourcemap-codec': [ '1.5.5' ],
109 silly audit   '@jridgewell/trace-mapping': [ '0.3.31' ],
109 silly audit   '@napi-rs/wasm-runtime': [ '0.2.12' ],
109 silly audit   '@next/env': [ '16.0.10' ],
109 silly audit   '@next/eslint-plugin-next': [ '16.0.10' ],
109 silly audit   '@next/swc-darwin-arm64': [ '16.0.10' ],
109 silly audit   '@next/swc-darwin-x64': [ '16.0.10' ],
109 silly audit   '@next/swc-linux-arm64-gnu': [ '16.0.10' ],
109 silly audit   '@next/swc-linux-arm64-musl': [ '16.0.10' ],
109 silly audit   '@next/swc-linux-x64-gnu': [ '16.0.10' ],
109 silly audit   '@next/swc-linux-x64-musl': [ '16.0.10' ],
109 silly audit   '@next/swc-win32-arm64-msvc': [ '16.0.10' ],
109 silly audit   '@next/swc-win32-x64-msvc': [ '16.0.10' ],
109 silly audit   '@nodelib/fs.scandir': [ '2.1.5' ],
109 silly audit   '@nodelib/fs.stat': [ '2.0.5' ],
109 silly audit   '@nodelib/fs.walk': [ '1.2.8' ],
109 silly audit   '@nolyfill/is-core-module': [ '1.0.39' ],
109 silly audit   '@rtsao/scc': [ '1.1.0' ],
109 silly audit   '@swc/helpers': [ '0.5.15' ],
109 silly audit   '@tailwindcss/node': [ '4.1.18' ],
109 silly audit   '@tailwindcss/oxide': [ '4.1.18' ],
109 silly audit   '@tailwindcss/oxide-android-arm64': [ '4.1.18' ],
109 silly audit   '@tailwindcss/oxide-darwin-arm64': [ '4.1.18' ],
109 silly audit   '@tailwindcss/oxide-darwin-x64': [ '4.1.18' ],
109 silly audit   '@tailwindcss/oxide-freebsd-x64': [ '4.1.18' ],
109 silly audit   '@tailwindcss/oxide-linux-arm-gnueabihf': [ '4.1.18' ],
109 silly audit   '@tailwindcss/oxide-linux-arm64-gnu': [ '4.1.18' ],
109 silly audit   '@tailwindcss/oxide-linux-arm64-musl': [ '4.1.18' ],
109 silly audit   '@tailwindcss/oxide-linux-x64-gnu': [ '4.1.18' ],
109 silly audit   '@tailwindcss/oxide-linux-x64-musl': [ '4.1.18' ],
109 silly audit   '@tailwindcss/oxide-win32-arm64-msvc': [ '4.1.18' ],
109 silly audit   '@tailwindcss/oxide-win32-x64-msvc': [ '4.1.18' ],
109 silly audit   '@tailwindcss/postcss': [ '4.1.18' ],
109 silly audit   '@tybys/wasm-util': [ '0.10.1' ],
109 silly audit   '@types/estree': [ '1.0.8' ],
109 silly audit   '@types/json-schema': [ '7.0.15' ],
109 silly audit   '@types/json5': [ '0.0.29' ],
109 silly audit   '@types/node': [ '20.19.26' ],
109 silly audit   '@types/react': [ '19.2.7' ],
109 silly audit   '@types/react-dom': [ '19.2.3' ],
109 silly audit   '@typescript-eslint/eslint-plugin': [ '8.49.0' ],
109 silly audit   ignore: [ '7.0.5', '5.3.2' ],
109 silly audit   '@typescript-eslint/parser': [ '8.49.0' ],
109 silly audit   '@typescript-eslint/project-service': [ '8.49.0' ],
109 silly audit   '@typescript-eslint/scope-manager': [ '8.49.0' ],
109 silly audit   '@typescript-eslint/tsconfig-utils': [ '8.49.0' ],
109 silly audit   '@typescript-eslint/type-utils': [ '8.49.0' ],
109 silly audit   '@typescript-eslint/types': [ '8.49.0' ],
109 silly audit   '@typescript-eslint/typescript-estree': [ '8.49.0' ],
109 silly audit   'brace-expansion': [ '2.0.2', '1.1.12' ],
109 silly audit   minimatch: [ '9.0.5', '3.1.2' ],
109 silly audit   semver: [ '7.7.3', '6.3.1' ],
109 silly audit   '@typescript-eslint/utils': [ '8.49.0' ],
109 silly audit   '@typescript-eslint/visitor-keys': [ '8.49.0' ],
109 silly audit   '@unrs/resolver-binding-android-arm-eabi': [ '1.11.1' ],
109 silly audit   '@unrs/resolver-binding-android-arm64': [ '1.11.1' ],
109 silly audit   '@unrs/resolver-binding-darwin-arm64': [ '1.11.1' ],
109 silly audit   '@unrs/resolver-binding-darwin-x64': [ '1.11.1' ],
109 silly audit   '@unrs/resolver-binding-freebsd-x64': [ '1.11.1' ],
109 silly audit   '@unrs/resolver-binding-linux-arm-gnueabihf': [ '1.11.1' ],
109 silly audit   '@unrs/resolver-binding-linux-arm-musleabihf': [ '1.11.1' ],
109 silly audit   '@unrs/resolver-binding-linux-arm64-gnu': [ '1.11.1' ],
109 silly audit   '@unrs/resolver-binding-linux-arm64-musl': [ '1.11.1' ],
109 silly audit   '@unrs/resolver-binding-linux-ppc64-gnu': [ '1.11.1' ],
109 silly audit   '@unrs/resolver-binding-linux-riscv64-gnu': [ '1.11.1' ],
109 silly audit   '@unrs/resolver-binding-linux-riscv64-musl': [ '1.11.1' ],
109 silly audit   '@unrs/resolver-binding-linux-s390x-gnu': [ '1.11.1' ],
109 silly audit   '@unrs/resolver-binding-linux-x64-gnu': [ '1.11.1' ],
109 silly audit   '@unrs/resolver-binding-linux-x64-musl': [ '1.11.1' ],
109 silly audit   '@unrs/resolver-binding-wasm32-wasi': [ '1.11.1' ],
109 silly audit   '@unrs/resolver-binding-win32-arm64-msvc': [ '1.11.1' ],
109 silly audit   '@unrs/resolver-binding-win32-ia32-msvc': [ '1.11.1' ],
109 silly audit   '@unrs/resolver-binding-win32-x64-msvc': [ '1.11.1' ],
109 silly audit   acorn: [ '8.15.0' ],
109 silly audit   'acorn-jsx': [ '5.3.2' ],
109 silly audit   ajv: [ '6.12.6' ],
109 silly audit   'ansi-styles': [ '4.3.0' ],
109 silly audit   argparse: [ '2.0.1' ],
109 silly audit   'aria-query': [ '5.3.2' ],
109 silly audit   'array-buffer-byte-length': [ '1.0.2' ],
109 silly audit   'array-includes': [ '3.1.9' ],
109 silly audit   'array.prototype.findlast': [ '1.2.5' ],
109 silly audit   'array.prototype.findlastindex': [ '1.2.6' ],
109 silly audit   'array.prototype.flat': [ '1.3.3' ],
109 silly audit   'array.prototype.flatmap': [ '1.3.3' ],
109 silly audit   'array.prototype.tosorted': [ '1.1.4' ],
109 silly audit   'arraybuffer.prototype.slice': [ '1.0.4' ],
109 silly audit   'ast-types-flow': [ '0.0.8' ],
109 silly audit   'async-function': [ '1.0.0' ],
109 silly audit   'available-typed-arrays': [ '1.0.7' ],
109 silly audit   'axe-core': [ '4.11.0' ],
109 silly audit   'axobject-query': [ '4.1.0' ],
109 silly audit   'babel-plugin-react-compiler': [ '1.0.0' ],
109 silly audit   'balanced-match': [ '1.0.2' ],
109 silly audit   'baseline-browser-mapping': [ '2.9.7' ],
109 silly audit   braces: [ '3.0.3' ],
109 silly audit   browserslist: [ '4.28.1' ],
109 silly audit   'call-bind': [ '1.0.8' ],
109 silly audit   'call-bind-apply-helpers': [ '1.0.2' ],
109 silly audit   'call-bound': [ '1.0.4' ],
109 silly audit   callsites: [ '3.1.0' ],
109 silly audit   'caniuse-lite': [ '1.0.30001760' ],
109 silly audit   chalk: [ '4.1.2' ],
109 silly audit   'client-only': [ '0.0.1' ],
109 silly audit   'color-convert': [ '2.0.1' ],
109 silly audit   'color-name': [ '1.1.4' ],
109 silly audit   'concat-map': [ '0.0.1' ],
109 silly audit   'convert-source-map': [ '2.0.0' ],
109 silly audit   'cross-spawn': [ '7.0.6' ],
109 silly audit   csstype: [ '3.2.3' ],
109 silly audit   'damerau-levenshtein': [ '1.0.8' ],
109 silly audit   'data-view-buffer': [ '1.0.2' ],
109 silly audit   'data-view-byte-length': [ '1.0.2' ],
109 silly audit   'data-view-byte-offset': [ '1.0.1' ],
109 silly audit   debug: [ '4.4.3', '3.2.7' ],
109 silly audit   'deep-is': [ '0.1.4' ],
109 silly audit   'define-data-property': [ '1.1.4' ],
109 silly audit   'define-properties': [ '1.2.1' ],
109 silly audit   'detect-libc': [ '2.1.2' ],
109 silly audit   doctrine: [ '2.1.0' ],
109 silly audit   'dunder-proto': [ '1.0.1' ],
109 silly audit   'electron-to-chromium': [ '1.5.267' ],
109 silly audit   'emoji-regex': [ '9.2.2' ],
109 silly audit   'enhanced-resolve': [ '5.18.4' ],
109 silly audit   'es-abstract': [ '1.24.0' ],
109 silly audit   'es-define-property': [ '1.0.1' ],
109 silly audit   'es-errors': [ '1.3.0' ],
109 silly audit   'es-iterator-helpers': [ '1.2.1' ],
109 silly audit   'es-object-atoms': [ '1.1.1' ],
109 silly audit   'es-set-tostringtag': [ '2.1.0' ],
109 silly audit   'es-shim-unscopables': [ '1.1.0' ],
109 silly audit   'es-to-primitive': [ '1.3.0' ],
109 silly audit   escalade: [ '3.2.0' ],
109 silly audit   'escape-string-regexp': [ '4.0.0' ],
109 silly audit   eslint: [ '9.39.2' ],
109 silly audit   'eslint-config-next': [ '16.0.10' ],
109 silly audit   globals: [ '16.4.0', '14.0.0' ],
109 silly audit   'eslint-import-resolver-node': [ '0.3.9' ],
109 silly audit   'eslint-import-resolver-typescript': [ '3.10.1' ],
109 silly audit   'eslint-module-utils': [ '2.12.1' ],
109 silly audit   'eslint-plugin-import': [ '2.32.0' ],
109 silly audit   'eslint-plugin-jsx-a11y': [ '6.10.2' ],
109 silly audit   'eslint-plugin-react': [ '7.37.5' ],
109 silly audit   'eslint-plugin-react-hooks': [ '7.0.1' ],
109 silly audit   resolve: [ '2.0.0-next.5', '1.22.11' ],
109 silly audit   'eslint-scope': [ '8.4.0' ],
109 silly audit   espree: [ '10.4.0' ],
109 silly audit   esquery: [ '1.6.0' ],
109 silly audit   esrecurse: [ '4.3.0' ],
109 silly audit   estraverse: [ '5.3.0' ],
109 silly audit   esutils: [ '2.0.3' ],
109 silly audit   'fast-deep-equal': [ '3.1.3' ],
109 silly audit   'fast-glob': [ '3.3.1' ],
109 silly audit   'glob-parent': [ '5.1.2', '6.0.2' ],
109 silly audit   'fast-json-stable-stringify': [ '2.1.0' ],
109 silly audit   'fast-levenshtein': [ '2.0.6' ],
109 silly audit   fastq: [ '1.19.1' ],
109 silly audit   'file-entry-cache': [ '8.0.0' ],
109 silly audit   'fill-range': [ '7.1.1' ],
109 silly audit   'find-up': [ '5.0.0' ],
109 silly audit   'flat-cache': [ '4.0.1' ],
109 silly audit   flatted: [ '3.3.3' ],
109 silly audit   'for-each': [ '0.3.5' ],
109 silly audit   'function-bind': [ '1.1.2' ],
109 silly audit   'function.prototype.name': [ '1.1.8' ],
109 silly audit   'functions-have-names': [ '1.2.3' ],
109 silly audit   'generator-function': [ '2.0.1' ],
109 silly audit   gensync: [ '1.0.0-beta.2' ],
109 silly audit   'get-intrinsic': [ '1.3.0' ],
109 silly audit   'get-proto': [ '1.0.1' ],
109 silly audit   'get-symbol-description': [ '1.1.0' ],
109 silly audit   'get-tsconfig': [ '4.13.0' ],
109 silly audit   globalthis: [ '1.0.4' ],
109 silly audit   gopd: [ '1.2.0' ],
109 silly audit   'graceful-fs': [ '4.2.11' ],
109 silly audit   'has-bigints': [ '1.1.0' ],
109 silly audit   'has-flag': [ '4.0.0' ],
109 silly audit   'has-property-descriptors': [ '1.0.2' ],
109 silly audit   'has-proto': [ '1.2.0' ],
109 silly audit   'has-symbols': [ '1.1.0' ],
109 silly audit   'has-tostringtag': [ '1.0.2' ],
109 silly audit   hasown: [ '2.0.2' ],
109 silly audit   'hermes-estree': [ '0.25.1' ],
109 silly audit   'hermes-parser': [ '0.25.1' ],
109 silly audit   'import-fresh': [ '3.3.1' ],
109 silly audit   imurmurhash: [ '0.1.4' ],
109 silly audit   'internal-slot': [ '1.1.0' ],
109 silly audit   'is-array-buffer': [ '3.0.5' ],
109 silly audit   'is-async-function': [ '2.1.1' ],
109 silly audit   'is-bigint': [ '1.1.0' ],
109 silly audit   'is-boolean-object': [ '1.2.2' ],
109 silly audit   'is-bun-module': [ '2.0.0' ],
109 silly audit   'is-callable': [ '1.2.7' ],
109 silly audit   'is-core-module': [ '2.16.1' ],
109 silly audit   'is-data-view': [ '1.0.2' ],
109 silly audit   'is-date-object': [ '1.1.0' ],
109 silly audit   'is-extglob': [ '2.1.1' ],
109 silly audit   'is-finalizationregistry': [ '1.1.1' ],
109 silly audit   'is-generator-function': [ '1.1.2' ],
109 silly audit   'is-glob': [ '4.0.3' ],
109 silly audit   'is-map': [ '2.0.3' ],
109 silly audit   'is-negative-zero': [ '2.0.3' ],
109 silly audit   'is-number': [ '7.0.0' ],
109 silly audit   'is-number-object': [ '1.1.1' ],
109 silly audit   'is-regex': [ '1.2.1' ],
109 silly audit   'is-set': [ '2.0.3' ],
109 silly audit   'is-shared-array-buffer': [ '1.0.4' ],
109 silly audit   'is-string': [ '1.1.1' ],
109 silly audit   'is-symbol': [ '1.1.1' ],
109 silly audit   'is-typed-array': [ '1.1.15' ],
109 silly audit   'is-weakmap': [ '2.0.2' ],
109 silly audit   'is-weakref': [ '1.1.1' ],
109 silly audit   'is-weakset': [ '2.0.4' ],
109 silly audit   isarray: [ '2.0.5' ],
109 silly audit   isexe: [ '2.0.0' ],
109 silly audit   'iterator.prototype': [ '1.1.5' ],
109 silly audit   jiti: [ '2.6.1' ],
109 silly audit   'js-tokens': [ '4.0.0' ],
109 silly audit   'js-yaml': [ '4.1.1' ],
109 silly audit   jsesc: [ '3.1.0' ],
109 silly audit   'json-buffer': [ '3.0.1' ],
109 silly audit   'json-schema-traverse': [ '0.4.1' ],
109 silly audit   'json-stable-stringify-without-jsonify': [ '1.0.1' ],
109 silly audit   json5: [ '2.2.3', '1.0.2' ],
109 silly audit   'jsx-ast-utils': [ '3.3.5' ],
109 silly audit   keyv: [ '4.5.4' ],
109 silly audit   'language-subtag-registry': [ '0.3.23' ],
109 silly audit   'language-tags': [ '1.0.9' ],
109 silly audit   levn: [ '0.4.1' ],
109 silly audit   lightningcss: [ '1.30.2' ],
109 silly audit   'lightningcss-android-arm64': [ '1.30.2' ],
109 silly audit   'lightningcss-darwin-arm64': [ '1.30.2' ],
109 silly audit   'lightningcss-darwin-x64': [ '1.30.2' ],
109 silly audit   'lightningcss-freebsd-x64': [ '1.30.2' ],
109 silly audit   'lightningcss-linux-arm-gnueabihf': [ '1.30.2' ],
109 silly audit   'lightningcss-linux-arm64-gnu': [ '1.30.2' ],
109 silly audit   'lightningcss-linux-arm64-musl': [ '1.30.2' ],
109 silly audit   'lightningcss-linux-x64-gnu': [ '1.30.2' ],
109 silly audit   'lightningcss-linux-x64-musl': [ '1.30.2' ],
109 silly audit   'lightningcss-win32-arm64-msvc': [ '1.30.2' ],
109 silly audit   'lightningcss-win32-x64-msvc': [ '1.30.2' ],
109 silly audit   'locate-path': [ '6.0.0' ],
109 silly audit   'lodash.merge': [ '4.6.2' ],
109 silly audit   'loose-envify': [ '1.4.0' ],
109 silly audit   'lru-cache': [ '5.1.1' ],
109 silly audit   'magic-string': [ '0.30.21' ],
109 silly audit   'math-intrinsics': [ '1.1.0' ],
109 silly audit   merge2: [ '1.4.1' ],
109 silly audit   micromatch: [ '4.0.8' ],
109 silly audit   minimist: [ '1.2.8' ],
109 silly audit   ms: [ '2.1.3' ],
109 silly audit   nanoid: [ '3.3.11' ],
109 silly audit   'napi-postinstall': [ '0.3.4' ],
109 silly audit   'natural-compare': [ '1.4.0' ],
109 silly audit   next: [ '16.0.10' ],
109 silly audit   postcss: [ '8.4.31', '8.5.6' ],
109 silly audit   'node-releases': [ '2.0.27' ],
109 silly audit   'object-assign': [ '4.1.1' ],
109 silly audit   'object-inspect': [ '1.13.4' ],
109 silly audit   'object-keys': [ '1.1.1' ],
109 silly audit   'object.assign': [ '4.1.7' ],
109 silly audit   'object.entries': [ '1.1.9' ],
109 silly audit   'object.fromentries': [ '2.0.8' ],
109 silly audit   'object.groupby': [ '1.0.3' ],
109 silly audit   'object.values': [ '1.2.1' ],
109 silly audit   optionator: [ '0.9.4' ],
109 silly audit   'own-keys': [ '1.0.1' ],
109 silly audit   'p-limit': [ '3.1.0' ],
109 silly audit   'p-locate': [ '5.0.0' ],
109 silly audit   'parent-module': [ '1.0.1' ],
109 silly audit   'path-exists': [ '4.0.0' ],
109 silly audit   'path-key': [ '3.1.1' ],
109 silly audit   'path-parse': [ '1.0.7' ],
109 silly audit   picocolors: [ '1.1.1' ],
109 silly audit   picomatch: [ '2.3.1', '4.0.3' ],
109 silly audit   'possible-typed-array-names': [ '1.1.0' ],
109 silly audit   'prelude-ls': [ '1.2.1' ],
109 silly audit   'prop-types': [ '15.8.1' ],
109 silly audit   punycode: [ '2.3.1' ],
109 silly audit   'queue-microtask': [ '1.2.3' ],
109 silly audit   react: [ '19.2.1' ],
109 silly audit   'react-dom': [ '19.2.1' ],
109 silly audit   'react-is': [ '16.13.1' ],
109 silly audit   'reflect.getprototypeof': [ '1.0.10' ],
109 silly audit   'regexp.prototype.flags': [ '1.5.4' ],
109 silly audit   'resolve-from': [ '4.0.0' ],
109 silly audit   'resolve-pkg-maps': [ '1.0.0' ],
109 silly audit   reusify: [ '1.1.0' ],
109 silly audit   'run-parallel': [ '1.2.0' ],
109 silly audit   'safe-array-concat': [ '1.1.3' ],
109 silly audit   'safe-push-apply': [ '1.0.0' ],
109 silly audit   'safe-regex-test': [ '1.1.0' ],
109 silly audit   scheduler: [ '0.27.0' ],
109 silly audit   'set-function-length': [ '1.2.2' ],
109 silly audit   'set-function-name': [ '2.0.2' ],
109 silly audit   'set-proto': [ '1.0.0' ],
109 silly audit   sharp: [ '0.34.5' ],
109 silly audit   'shebang-command': [ '2.0.0' ],
109 silly audit   'shebang-regex': [ '3.0.0' ],
109 silly audit   'side-channel': [ '1.1.0' ],
109 silly audit   'side-channel-list': [ '1.0.0' ],
109 silly audit   'side-channel-map': [ '1.0.1' ],
109 silly audit   'side-channel-weakmap': [ '1.0.2' ],
109 silly audit   'source-map-js': [ '1.2.1' ],
109 silly audit   'stable-hash': [ '0.0.5' ],
109 silly audit   'stop-iteration-iterator': [ '1.1.0' ],
109 silly audit   'string.prototype.includes': [ '2.0.1' ],
109 silly audit   'string.prototype.matchall': [ '4.0.12' ],
109 silly audit   'string.prototype.repeat': [ '1.0.0' ],
109 silly audit   'string.prototype.trim': [ '1.2.10' ],
109 silly audit   'string.prototype.trimend': [ '1.0.9' ],
109 silly audit   'string.prototype.trimstart': [ '1.0.8' ],
109 silly audit   'strip-bom': [ '3.0.0' ],
109 silly audit   'strip-json-comments': [ '3.1.1' ],
109 silly audit   'styled-jsx': [ '5.1.6' ],
109 silly audit   'supports-color': [ '7.2.0' ],
109 silly audit   'supports-preserve-symlinks-flag': [ '1.0.0' ],
109 silly audit   tailwindcss: [ '4.1.18' ],
109 silly audit   tapable: [ '2.3.0' ],
109 silly audit   tinyglobby: [ '0.2.15' ],
109 silly audit   fdir: [ '6.5.0' ],
109 silly audit   'to-regex-range': [ '5.0.1' ],
109 silly audit   'ts-api-utils': [ '2.1.0' ],
109 silly audit   'tsconfig-paths': [ '3.15.0' ],
109 silly audit   tslib: [ '2.8.1' ],
109 silly audit   'type-check': [ '0.4.0' ],
109 silly audit   'typed-array-buffer': [ '1.0.3' ],
109 silly audit   'typed-array-byte-length': [ '1.0.3' ],
109 silly audit   'typed-array-byte-offset': [ '1.0.4' ],
109 silly audit   'typed-array-length': [ '1.0.7' ],
109 silly audit   typescript: [ '5.9.3' ],
109 silly audit   'typescript-eslint': [ '8.49.0' ],
109 silly audit   'unbox-primitive': [ '1.1.0' ],
109 silly audit   'undici-types': [ '6.21.0' ],
109 silly audit   'unrs-resolver': [ '1.11.1' ],
109 silly audit   'update-browserslist-db': [ '1.2.2' ],
109 silly audit   'uri-js': [ '4.4.1' ],
109 silly audit   which: [ '2.0.2' ],
109 silly audit   'which-boxed-primitive': [ '1.1.1' ],
109 silly audit   'which-builtin-type': [ '1.2.1' ],
109 silly audit   'which-collection': [ '1.0.2' ],
109 silly audit   'which-typed-array': [ '1.1.19' ],
109 silly audit   'word-wrap': [ '1.2.5' ],
109 silly audit   yallist: [ '3.1.1' ],
109 silly audit   'yocto-queue': [ '0.1.0' ],
109 silly audit   zod: [ '4.1.13' ],
109 silly audit   'zod-validation-error': [ '4.0.2' ],
109 silly audit   axios: [ '1.13.2' ],
109 silly audit   dotenv: [ '17.2.3' ],
109 silly audit   mongoose: [ '9.0.1' ],
109 silly audit   'follow-redirects': [ '1.15.11' ],
109 silly audit   'form-data': [ '4.0.5' ],
109 silly audit   'proxy-from-env': [ '1.1.0' ],
109 silly audit   asynckit: [ '0.4.0' ],
109 silly audit   'combined-stream': [ '1.0.8' ],
109 silly audit   'mime-types': [ '2.1.35' ],
109 silly audit   'delayed-stream': [ '1.0.0' ],
109 silly audit   'mime-db': [ '1.52.0' ],
109 silly audit   kareem: [ '3.0.0' ],
109 silly audit   mongodb: [ '7.0.0' ],
109 silly audit   mpath: [ '0.9.0' ],
109 silly audit   mquery: [ '6.0.0' ],
109 silly audit   sift: [ '17.1.3' ],
109 silly audit   '@mongodb-js/saslprep': [ '1.4.0' ],
109 silly audit   bson: [ '7.0.0' ],
109 silly audit   'mongodb-connection-string-url': [ '7.0.0' ],
109 silly audit   'sparse-bitfield': [ '3.0.3' ],
109 silly audit   '@types/whatwg-url': [ '13.0.0' ],
109 silly audit   'whatwg-url': [ '14.2.0' ],
109 silly audit   '@types/webidl-conversions': [ '7.0.3' ],
109 silly audit   'memory-pager': [ '1.5.0' ],
109 silly audit   tr46: [ '5.1.1' ],
109 silly audit   'webidl-conversions': [ '7.0.0' ],
109 silly audit   '@tailwindcss/oxide-wasm32-wasi': [ '4.1.18' ]
109 silly audit }
110 verbose reify failed optional dependency D:\fairproject\countrymeals\node_modules\lightningcss-win32-arm64-msvc
111 silly reify mark deleted [
111 silly reify   'D:\\fairproject\\countrymeals\\node_modules\\lightningcss-win32-arm64-msvc'
111 silly reify ]
112 verbose reify failed optional dependency D:\fairproject\countrymeals\node_modules\lightningcss-linux-x64-musl
113 silly reify mark deleted [
113 silly reify   'D:\\fairproject\\countrymeals\\node_modules\\lightningcss-linux-x64-musl'
113 silly reify ]
114 verbose reify failed optional dependency D:\fairproject\countrymeals\node_modules\lightningcss-linux-x64-gnu
115 silly reify mark deleted [
115 silly reify   'D:\\fairproject\\countrymeals\\node_modules\\lightningcss-linux-x64-gnu'
115 silly reify ]
116 verbose reify failed optional dependency D:\fairproject\countrymeals\node_modules\lightningcss-linux-arm64-musl
117 silly reify mark deleted [
117 silly reify   'D:\\fairproject\\countrymeals\\node_modules\\lightningcss-linux-arm64-musl'
117 silly reify ]
118 verbose reify failed optional dependency D:\fairproject\countrymeals\node_modules\lightningcss-linux-arm64-gnu
119 silly reify mark deleted [
119 silly reify   'D:\\fairproject\\countrymeals\\node_modules\\lightningcss-linux-arm64-gnu'
119 silly reify ]
120 verbose reify failed optional dependency D:\fairproject\countrymeals\node_modules\lightningcss-linux-arm-gnueabihf
121 silly reify mark deleted [
121 silly reify   'D:\\fairproject\\countrymeals\\node_modules\\lightningcss-linux-arm-gnueabihf'
121 silly reify ]
122 verbose reify failed optional dependency D:\fairproject\countrymeals\node_modules\lightningcss-freebsd-x64
123 silly reify mark deleted [
123 silly reify   'D:\\fairproject\\countrymeals\\node_modules\\lightningcss-freebsd-x64'
123 silly reify ]
124 verbose reify failed optional dependency D:\fairproject\countrymeals\node_modules\lightningcss-darwin-x64
125 silly reify mark deleted [
125 silly reify   'D:\\fairproject\\countrymeals\\node_modules\\lightningcss-darwin-x64'
125 silly reify ]
126 verbose reify failed optional dependency D:\fairproject\countrymeals\node_modules\lightningcss-darwin-arm64
127 silly reify mark deleted [
127 silly reify   'D:\\fairproject\\countrymeals\\node_modules\\lightningcss-darwin-arm64'
127 silly reify ]
128 verbose reify failed optional dependency D:\fairproject\countrymeals\node_modules\lightningcss-android-arm64
129 silly reify mark deleted [
129 silly reify   'D:\\fairproject\\countrymeals\\node_modules\\lightningcss-android-arm64'
129 silly reify ]
130 verbose reify failed optional dependency D:\fairproject\countrymeals\node_modules\@unrs\resolver-binding-win32-ia32-msvc
131 silly reify mark deleted [
131 silly reify   'D:\\fairproject\\countrymeals\\node_modules\\@unrs\\resolver-binding-win32-ia32-msvc'
131 silly reify ]
132 verbose reify failed optional dependency D:\fairproject\countrymeals\node_modules\@unrs\resolver-binding-win32-arm64-msvc
133 silly reify mark deleted [
133 silly reify   'D:\\fairproject\\countrymeals\\node_modules\\@unrs\\resolver-binding-win32-arm64-msvc'
133 silly reify ]
134 verbose reify failed optional dependency D:\fairproject\countrymeals\node_modules\@unrs\resolver-binding-wasm32-wasi
135 silly reify mark deleted [
135 silly reify   'D:\\fairproject\\countrymeals\\node_modules\\@unrs\\resolver-binding-wasm32-wasi'
135 silly reify ]
136 verbose reify failed optional dependency D:\fairproject\countrymeals\node_modules\@unrs\resolver-binding-linux-x64-musl
137 silly reify mark deleted [
137 silly reify   'D:\\fairproject\\countrymeals\\node_modules\\@unrs\\resolver-binding-linux-x64-musl'
137 silly reify ]
138 verbose reify failed optional dependency D:\fairproject\countrymeals\node_modules\@unrs\resolver-binding-linux-x64-gnu
139 silly reify mark deleted [
139 silly reify   'D:\\fairproject\\countrymeals\\node_modules\\@unrs\\resolver-binding-linux-x64-gnu'
139 silly reify ]
140 verbose reify failed optional dependency D:\fairproject\countrymeals\node_modules\@unrs\resolver-binding-linux-s390x-gnu
141 silly reify mark deleted [
141 silly reify   'D:\\fairproject\\countrymeals\\node_modules\\@unrs\\resolver-binding-linux-s390x-gnu'
141 silly reify ]
142 verbose reify failed optional dependency D:\fairproject\countrymeals\node_modules\@unrs\resolver-binding-linux-riscv64-musl
143 silly reify mark deleted [
143 silly reify   'D:\\fairproject\\countrymeals\\node_modules\\@unrs\\resolver-binding-linux-riscv64-musl'
143 silly reify ]
144 verbose reify failed optional dependency D:\fairproject\countrymeals\node_modules\@unrs\resolver-binding-linux-riscv64-gnu
145 silly reify mark deleted [
145 silly reify   'D:\\fairproject\\countrymeals\\node_modules\\@unrs\\resolver-binding-linux-riscv64-gnu'
145 silly reify ]
146 verbose reify failed optional dependency D:\fairproject\countrymeals\node_modules\@unrs\resolver-binding-linux-ppc64-gnu
147 silly reify mark deleted [
147 silly reify   'D:\\fairproject\\countrymeals\\node_modules\\@unrs\\resolver-binding-linux-ppc64-gnu'
147 silly reify ]
148 verbose reify failed optional dependency D:\fairproject\countrymeals\node_modules\@unrs\resolver-binding-linux-arm64-musl
149 silly reify mark deleted [
149 silly reify   'D:\\fairproject\\countrymeals\\node_modules\\@unrs\\resolver-binding-linux-arm64-musl'
149 silly reify ]
150 verbose reify failed optional dependency D:\fairproject\countrymeals\node_modules\@unrs\resolver-binding-linux-arm64-gnu
151 silly reify mark deleted [
151 silly reify   'D:\\fairproject\\countrymeals\\node_modules\\@unrs\\resolver-binding-linux-arm64-gnu'
151 silly reify ]
152 verbose reify failed optional dependency D:\fairproject\countrymeals\node_modules\@unrs\resolver-binding-linux-arm-musleabihf
153 silly reify mark deleted [
153 silly reify   'D:\\fairproject\\countrymeals\\node_modules\\@unrs\\resolver-binding-linux-arm-musleabihf'
153 silly reify ]
154 verbose reify failed optional dependency D:\fairproject\countrymeals\node_modules\@unrs\resolver-binding-linux-arm-gnueabihf
155 silly reify mark deleted [
155 silly reify   'D:\\fairproject\\countrymeals\\node_modules\\@unrs\\resolver-binding-linux-arm-gnueabihf'
155 silly reify ]
156 verbose reify failed optional dependency D:\fairproject\countrymeals\node_modules\@unrs\resolver-binding-freebsd-x64
157 silly reify mark deleted [
157 silly reify   'D:\\fairproject\\countrymeals\\node_modules\\@unrs\\resolver-binding-freebsd-x64'
157 silly reify ]
158 verbose reify failed optional dependency D:\fairproject\countrymeals\node_modules\@unrs\resolver-binding-darwin-x64
159 silly reify mark deleted [
159 silly reify   'D:\\fairproject\\countrymeals\\node_modules\\@unrs\\resolver-binding-darwin-x64'
159 silly reify ]
160 verbose reify failed optional dependency D:\fairproject\countrymeals\node_modules\@unrs\resolver-binding-darwin-arm64
161 silly reify mark deleted [
161 silly reify   'D:\\fairproject\\countrymeals\\node_modules\\@unrs\\resolver-binding-darwin-arm64'
161 silly reify ]
162 verbose reify failed optional dependency D:\fairproject\countrymeals\node_modules\@unrs\resolver-binding-android-arm64
163 silly reify mark deleted [
163 silly reify   'D:\\fairproject\\countrymeals\\node_modules\\@unrs\\resolver-binding-android-arm64'
163 silly reify ]
164 verbose reify failed optional dependency D:\fairproject\countrymeals\node_modules\@unrs\resolver-binding-android-arm-eabi
165 silly reify mark deleted [
165 silly reify   'D:\\fairproject\\countrymeals\\node_modules\\@unrs\\resolver-binding-android-arm-eabi'
165 silly reify ]
166 verbose reify failed optional dependency D:\fairproject\countrymeals\node_modules\@tailwindcss\oxide-win32-arm64-msvc
167 silly reify mark deleted [
167 silly reify   'D:\\fairproject\\countrymeals\\node_modules\\@tailwindcss\\oxide-win32-arm64-msvc'
167 silly reify ]
168 verbose reify failed optional dependency D:\fairproject\countrymeals\node_modules\@tailwindcss\oxide-linux-x64-musl
169 silly reify mark deleted [
169 silly reify   'D:\\fairproject\\countrymeals\\node_modules\\@tailwindcss\\oxide-linux-x64-musl'
169 silly reify ]
170 verbose reify failed optional dependency D:\fairproject\countrymeals\node_modules\@tailwindcss\oxide-linux-x64-gnu
171 silly reify mark deleted [
171 silly reify   'D:\\fairproject\\countrymeals\\node_modules\\@tailwindcss\\oxide-linux-x64-gnu'
171 silly reify ]
172 verbose reify failed optional dependency D:\fairproject\countrymeals\node_modules\@tailwindcss\oxide-linux-arm64-musl
173 silly reify mark deleted [
173 silly reify   'D:\\fairproject\\countrymeals\\node_modules\\@tailwindcss\\oxide-linux-arm64-musl'
173 silly reify ]
174 verbose reify failed optional dependency D:\fairproject\countrymeals\node_modules\@tailwindcss\oxide-linux-arm64-gnu
175 silly reify mark deleted [
175 silly reify   'D:\\fairproject\\countrymeals\\node_modules\\@tailwindcss\\oxide-linux-arm64-gnu'
175 silly reify ]
176 verbose reify failed optional dependency D:\fairproject\countrymeals\node_modules\@tailwindcss\oxide-linux-arm-gnueabihf
177 silly reify mark deleted [
177 silly reify   'D:\\fairproject\\countrymeals\\node_modules\\@tailwindcss\\oxide-linux-arm-gnueabihf'
177 silly reify ]
178 verbose reify failed optional dependency D:\fairproject\countrymeals\node_modules\@tailwindcss\oxide-freebsd-x64
179 silly reify mark deleted [
179 silly reify   'D:\\fairproject\\countrymeals\\node_modules\\@tailwindcss\\oxide-freebsd-x64'
179 silly reify ]
180 verbose reify failed optional dependency D:\fairproject\countrymeals\node_modules\@tailwindcss\oxide-darwin-x64
181 silly reify mark deleted [
181 silly reify   'D:\\fairproject\\countrymeals\\node_modules\\@tailwindcss\\oxide-darwin-x64'
181 silly reify ]
182 verbose reify failed optional dependency D:\fairproject\countrymeals\node_modules\@tailwindcss\oxide-darwin-arm64
183 silly reify mark deleted [
183 silly reify   'D:\\fairproject\\countrymeals\\node_modules\\@tailwindcss\\oxide-darwin-arm64'
183 silly reify ]
184 verbose reify failed optional dependency D:\fairproject\countrymeals\node_modules\@tailwindcss\oxide-android-arm64
185 silly reify mark deleted [
185 silly reify   'D:\\fairproject\\countrymeals\\node_modules\\@tailwindcss\\oxide-android-arm64'
185 silly reify ]
186 verbose reify failed optional dependency D:\fairproject\countrymeals\node_modules\@next\swc-win32-arm64-msvc
187 silly reify mark deleted [
187 silly reify   'D:\\fairproject\\countrymeals\\node_modules\\@next\\swc-win32-arm64-msvc'
187 silly reify ]
188 verbose reify failed optional dependency D:\fairproject\countrymeals\node_modules\@next\swc-linux-x64-musl
189 silly reify mark deleted [
189 silly reify   'D:\\fairproject\\countrymeals\\node_modules\\@next\\swc-linux-x64-musl'
189 silly reify ]
190 verbose reify failed optional dependency D:\fairproject\countrymeals\node_modules\@next\swc-linux-x64-gnu
191 silly reify mark deleted [
191 silly reify   'D:\\fairproject\\countrymeals\\node_modules\\@next\\swc-linux-x64-gnu'
191 silly reify ]
192 verbose reify failed optional dependency D:\fairproject\countrymeals\node_modules\@next\swc-linux-arm64-musl
193 silly reify mark deleted [
193 silly reify   'D:\\fairproject\\countrymeals\\node_modules\\@next\\swc-linux-arm64-musl'
193 silly reify ]
194 verbose reify failed optional dependency D:\fairproject\countrymeals\node_modules\@next\swc-linux-arm64-gnu
195 silly reify mark deleted [
195 silly reify   'D:\\fairproject\\countrymeals\\node_modules\\@next\\swc-linux-arm64-gnu'
195 silly reify ]
196 verbose reify failed optional dependency D:\fairproject\countrymeals\node_modules\@next\swc-darwin-x64
197 silly reify mark deleted [
197 silly reify   'D:\\fairproject\\countrymeals\\node_modules\\@next\\swc-darwin-x64'
197 silly reify ]
198 verbose reify failed optional dependency D:\fairproject\countrymeals\node_modules\@next\swc-darwin-arm64
199 silly reify mark deleted [
199 silly reify   'D:\\fairproject\\countrymeals\\node_modules\\@next\\swc-darwin-arm64'
199 silly reify ]
200 verbose reify failed optional dependency D:\fairproject\countrymeals\node_modules\@img\sharp-win32-ia32
201 silly reify mark deleted [
201 silly reify   'D:\\fairproject\\countrymeals\\node_modules\\@img\\sharp-win32-ia32'
201 silly reify ]
202 verbose reify failed optional dependency D:\fairproject\countrymeals\node_modules\@img\sharp-win32-arm64
203 silly reify mark deleted [
203 silly reify   'D:\\fairproject\\countrymeals\\node_modules\\@img\\sharp-win32-arm64'
203 silly reify ]
204 verbose reify failed optional dependency D:\fairproject\countrymeals\node_modules\@img\sharp-wasm32
205 silly reify mark deleted [ 'D:\\fairproject\\countrymeals\\node_modules\\@img\\sharp-wasm32' ]
206 verbose reify failed optional dependency D:\fairproject\countrymeals\node_modules\@img\sharp-linuxmusl-x64
207 silly reify mark deleted [
207 silly reify   'D:\\fairproject\\countrymeals\\node_modules\\@img\\sharp-linuxmusl-x64'
207 silly reify ]
208 verbose reify failed optional dependency D:\fairproject\countrymeals\node_modules\@img\sharp-linuxmusl-arm64
209 silly reify mark deleted [
209 silly reify   'D:\\fairproject\\countrymeals\\node_modules\\@img\\sharp-linuxmusl-arm64'
209 silly reify ]
210 verbose reify failed optional dependency D:\fairproject\countrymeals\node_modules\@img\sharp-linux-x64
211 silly reify mark deleted [
211 silly reify   'D:\\fairproject\\countrymeals\\node_modules\\@img\\sharp-linux-x64'
211 silly reify ]
212 verbose reify failed optional dependency D:\fairproject\countrymeals\node_modules\@img\sharp-linux-s390x
213 silly reify mark deleted [
213 silly reify   'D:\\fairproject\\countrymeals\\node_modules\\@img\\sharp-linux-s390x'
213 silly reify ]
214 verbose reify failed optional dependency D:\fairproject\countrymeals\node_modules\@img\sharp-linux-riscv64
215 silly reify mark deleted [
215 silly reify   'D:\\fairproject\\countrymeals\\node_modules\\@img\\sharp-linux-riscv64'
215 silly reify ]
216 verbose reify failed optional dependency D:\fairproject\countrymeals\node_modules\@img\sharp-linux-ppc64
217 silly reify mark deleted [
217 silly reify   'D:\\fairproject\\countrymeals\\node_modules\\@img\\sharp-linux-ppc64'
217 silly reify ]
218 verbose reify failed optional dependency D:\fairproject\countrymeals\node_modules\@img\sharp-linux-arm64
219 silly reify mark deleted [
219 silly reify   'D:\\fairproject\\countrymeals\\node_modules\\@img\\sharp-linux-arm64'
219 silly reify ]
220 verbose reify failed optional dependency D:\fairproject\countrymeals\node_modules\@img\sharp-linux-arm
221 silly reify mark deleted [
221 silly reify   'D:\\fairproject\\countrymeals\\node_modules\\@img\\sharp-linux-arm'
221 silly reify ]
222 verbose reify failed optional dependency D:\fairproject\countrymeals\node_modules\@img\sharp-libvips-linuxmusl-x64
223 silly reify mark deleted [
223 silly reify   'D:\\fairproject\\countrymeals\\node_modules\\@img\\sharp-libvips-linuxmusl-x64'
223 silly reify ]
224 verbose reify failed optional dependency D:\fairproject\countrymeals\node_modules\@img\sharp-libvips-linuxmusl-arm64
225 silly reify mark deleted [
225 silly reify   'D:\\fairproject\\countrymeals\\node_modules\\@img\\sharp-libvips-linuxmusl-arm64'
225 silly reify ]
226 verbose reify failed optional dependency D:\fairproject\countrymeals\node_modules\@img\sharp-libvips-linux-x64
227 silly reify mark deleted [
227 silly reify   'D:\\fairproject\\countrymeals\\node_modules\\@img\\sharp-libvips-linux-x64'
227 silly reify ]
228 verbose reify failed optional dependency D:\fairproject\countrymeals\node_modules\@img\sharp-libvips-linux-s390x
229 silly reify mark deleted [
229 silly reify   'D:\\fairproject\\countrymeals\\node_modules\\@img\\sharp-libvips-linux-s390x'
229 silly reify ]
230 verbose reify failed optional dependency D:\fairproject\countrymeals\node_modules\@img\sharp-libvips-linux-riscv64
231 silly reify mark deleted [
231 silly reify   'D:\\fairproject\\countrymeals\\node_modules\\@img\\sharp-libvips-linux-riscv64'
231 silly reify ]
232 verbose reify failed optional dependency D:\fairproject\countrymeals\node_modules\@img\sharp-libvips-linux-ppc64
233 silly reify mark deleted [
233 silly reify   'D:\\fairproject\\countrymeals\\node_modules\\@img\\sharp-libvips-linux-ppc64'
233 silly reify ]
234 verbose reify failed optional dependency D:\fairproject\countrymeals\node_modules\@img\sharp-libvips-linux-arm64
235 silly reify mark deleted [
235 silly reify   'D:\\fairproject\\countrymeals\\node_modules\\@img\\sharp-libvips-linux-arm64'
235 silly reify ]
236 verbose reify failed optional dependency D:\fairproject\countrymeals\node_modules\@img\sharp-libvips-linux-arm
237 silly reify mark deleted [
237 silly reify   'D:\\fairproject\\countrymeals\\node_modules\\@img\\sharp-libvips-linux-arm'
237 silly reify ]
238 verbose reify failed optional dependency D:\fairproject\countrymeals\node_modules\@img\sharp-libvips-darwin-x64
239 silly reify mark deleted [
239 silly reify   'D:\\fairproject\\countrymeals\\node_modules\\@img\\sharp-libvips-darwin-x64'
239 silly reify ]
240 verbose reify failed optional dependency D:\fairproject\countrymeals\node_modules\@img\sharp-libvips-darwin-arm64
241 silly reify mark deleted [
241 silly reify   'D:\\fairproject\\countrymeals\\node_modules\\@img\\sharp-libvips-darwin-arm64'
241 silly reify ]
242 verbose reify failed optional dependency D:\fairproject\countrymeals\node_modules\@img\sharp-darwin-x64
243 silly reify mark deleted [
243 silly reify   'D:\\fairproject\\countrymeals\\node_modules\\@img\\sharp-darwin-x64'
243 silly reify ]
244 verbose reify failed optional dependency D:\fairproject\countrymeals\node_modules\@img\sharp-darwin-arm64
245 silly reify mark deleted [
245 silly reify   'D:\\fairproject\\countrymeals\\node_modules\\@img\\sharp-darwin-arm64'
245 silly reify ]
246 silly tarball no local data for webidl-conversions@https://registry.npmjs.org/webidl-conversions/-/webidl-conversions-7.0.0.tgz. Extracting by manifest.
247 silly tarball no local data for @types/webidl-conversions@https://registry.npmjs.org/@types/webidl-conversions/-/webidl-conversions-7.0.3.tgz. Extracting by manifest.
248 silly tarball no local data for tr46@https://registry.npmjs.org/tr46/-/tr46-5.1.1.tgz. Extracting by manifest.
249 silly tarball no local data for memory-pager@https://registry.npmjs.org/memory-pager/-/memory-pager-1.5.0.tgz. Extracting by manifest.
250 silly tarball no local data for whatwg-url@https://registry.npmjs.org/whatwg-url/-/whatwg-url-14.2.0.tgz. Extracting by manifest.
251 silly tarball no local data for sparse-bitfield@https://registry.npmjs.org/sparse-bitfield/-/sparse-bitfield-3.0.3.tgz. Extracting by manifest.
252 silly tarball no local data for @types/whatwg-url@https://registry.npmjs.org/@types/whatwg-url/-/whatwg-url-13.0.0.tgz. Extracting by manifest.
253 silly tarball no local data for mongodb-connection-string-url@https://registry.npmjs.org/mongodb-connection-string-url/-/mongodb-connection-string-url-7.0.0.tgz. Extracting by manifest.
254 silly tarball no local data for sift@https://registry.npmjs.org/sift/-/sift-17.1.3.tgz. Extracting by manifest.
255 silly tarball no local data for bson@https://registry.npmjs.org/bson/-/bson-7.0.0.tgz. Extracting by manifest.
256 silly tarball no local data for mpath@https://registry.npmjs.org/mpath/-/mpath-0.9.0.tgz. Extracting by manifest.
257 silly tarball no local data for mquery@https://registry.npmjs.org/mquery/-/mquery-6.0.0.tgz. Extracting by manifest.
258 silly tarball no local data for @mongodb-js/saslprep@https://registry.npmjs.org/@mongodb-js/saslprep/-/saslprep-1.4.0.tgz. Extracting by manifest.
259 silly tarball no local data for delayed-stream@https://registry.npmjs.org/delayed-stream/-/delayed-stream-1.0.0.tgz. Extracting by manifest.
260 silly tarball no local data for kareem@https://registry.npmjs.org/kareem/-/kareem-3.0.0.tgz. Extracting by manifest.
261 silly tarball no local data for mime-db@https://registry.npmjs.org/mime-db/-/mime-db-1.52.0.tgz. Extracting by manifest.
262 silly tarball no local data for combined-stream@https://registry.npmjs.org/combined-stream/-/combined-stream-1.0.8.tgz. Extracting by manifest.
263 silly tarball no local data for mongodb@https://registry.npmjs.org/mongodb/-/mongodb-7.0.0.tgz. Extracting by manifest.
264 silly tarball no local data for mime-types@https://registry.npmjs.org/mime-types/-/mime-types-2.1.35.tgz. Extracting by manifest.
265 silly tarball no local data for proxy-from-env@https://registry.npmjs.org/proxy-from-env/-/proxy-from-env-1.1.0.tgz. Extracting by manifest.
266 silly tarball no local data for asynckit@https://registry.npmjs.org/asynckit/-/asynckit-0.4.0.tgz. Extracting by manifest.
267 silly tarball no local data for form-data@https://registry.npmjs.org/form-data/-/form-data-4.0.5.tgz. Extracting by manifest.
268 silly tarball no local data for mongoose@https://registry.npmjs.org/mongoose/-/mongoose-9.0.1.tgz. Extracting by manifest.
269 silly tarball no local data for follow-redirects@https://registry.npmjs.org/follow-redirects/-/follow-redirects-1.15.11.tgz. Extracting by manifest.
270 silly tarball no local data for axios@https://registry.npmjs.org/axios/-/axios-1.13.2.tgz. Extracting by manifest.
271 silly tarball no local data for dotenv@https://registry.npmjs.org/dotenv/-/dotenv-17.2.3.tgz. Extracting by manifest.
272 http fetch GET 200 https://registry.npmjs.org/webidl-conversions/-/webidl-conversions-7.0.0.tgz 116ms (cache miss)
273 http fetch GET 200 https://registry.npmjs.org/@types/webidl-conversions/-/webidl-conversions-7.0.3.tgz 129ms (cache miss)
274 http fetch GET 200 https://registry.npmjs.org/sparse-bitfield/-/sparse-bitfield-3.0.3.tgz 137ms (cache miss)
275 http fetch GET 200 https://registry.npmjs.org/memory-pager/-/memory-pager-1.5.0.tgz 140ms (cache miss)
276 http fetch GET 200 https://registry.npmjs.org/@types/whatwg-url/-/whatwg-url-13.0.0.tgz 138ms (cache miss)
277 http fetch GET 200 https://registry.npmjs.org/combined-stream/-/combined-stream-1.0.8.tgz 137ms (cache miss)
278 http fetch GET 200 https://registry.npmjs.org/proxy-from-env/-/proxy-from-env-1.1.0.tgz 146ms (cache miss)
279 http fetch GET 200 https://registry.npmjs.org/tr46/-/tr46-5.1.1.tgz 171ms (cache miss)
280 http fetch GET 200 https://registry.npmjs.org/asynckit/-/asynckit-0.4.0.tgz 164ms (cache miss)
281 http fetch GET 200 https://registry.npmjs.org/mime-db/-/mime-db-1.52.0.tgz 169ms (cache miss)
282 http fetch GET 200 https://registry.npmjs.org/mime-types/-/mime-types-2.1.35.tgz 180ms (cache miss)
283 http fetch GET 200 https://registry.npmjs.org/whatwg-url/-/whatwg-url-14.2.0.tgz 197ms (cache miss)
284 http fetch GET 200 https://registry.npmjs.org/form-data/-/form-data-4.0.5.tgz 199ms (cache miss)
285 http fetch GET 200 https://registry.npmjs.org/mongodb-connection-string-url/-/mongodb-connection-string-url-7.0.0.tgz 239ms (cache miss)
286 http fetch GET 200 https://registry.npmjs.org/delayed-stream/-/delayed-stream-1.0.0.tgz 240ms (cache miss)
287 http fetch POST 200 https://registry.npmjs.org/-/npm/v1/security/advisories/bulk 276ms
288 silly audit report {}
289 http fetch GET 200 https://registry.npmjs.org/kareem/-/kareem-3.0.0.tgz 242ms (cache miss)
290 http fetch GET 200 https://registry.npmjs.org/follow-redirects/-/follow-redirects-1.15.11.tgz 230ms (cache miss)
291 http fetch GET 200 https://registry.npmjs.org/mpath/-/mpath-0.9.0.tgz 277ms (cache miss)
292 http fetch GET 200 https://registry.npmjs.org/mquery/-/mquery-6.0.0.tgz 278ms (cache miss)
293 http fetch GET 200 https://registry.npmjs.org/sift/-/sift-17.1.3.tgz 349ms (cache miss)
294 http fetch GET 200 https://registry.npmjs.org/dotenv/-/dotenv-17.2.3.tgz 408ms (cache miss)
295 http fetch GET 200 https://registry.npmjs.org/@mongodb-js/saslprep/-/saslprep-1.4.0.tgz 459ms (cache miss)
296 http fetch GET 200 https://registry.npmjs.org/axios/-/axios-1.13.2.tgz 493ms (cache miss)
297 http fetch GET 200 https://registry.npmjs.org/bson/-/bson-7.0.0.tgz 579ms (cache miss)
298 http fetch GET 200 https://registry.npmjs.org/mongoose/-/mongoose-9.0.1.tgz 818ms (cache miss)
299 http fetch GET 200 https://registry.npmjs.org/mongodb/-/mongodb-7.0.0.tgz 993ms (cache miss)
300 silly ADD node_modules/webidl-conversions
301 silly ADD node_modules/tr46
302 silly ADD node_modules/memory-pager
303 silly ADD node_modules/@types/webidl-conversions
304 silly ADD node_modules/whatwg-url
305 silly ADD node_modules/@types/whatwg-url
306 silly ADD node_modules/sparse-bitfield
307 silly ADD node_modules/mongodb-connection-string-url
308 silly ADD node_modules/bson
309 silly ADD node_modules/@mongodb-js/saslprep
310 silly ADD node_modules/sift
311 silly ADD node_modules/mquery
312 silly ADD node_modules/mpath
313 silly ADD node_modules/mongodb
314 silly ADD node_modules/kareem
315 silly ADD node_modules/mime-db
316 silly ADD node_modules/delayed-stream
317 silly ADD node_modules/mime-types
318 silly ADD node_modules/combined-stream
319 silly ADD node_modules/asynckit
320 silly ADD node_modules/proxy-from-env
321 silly ADD node_modules/form-data
322 silly ADD node_modules/follow-redirects
323 silly ADD node_modules/mongoose
324 silly ADD node_modules/dotenv
325 silly ADD node_modules/axios
326 silly ADD
327 silly ADD
328 silly ADD
329 silly ADD
330 silly ADD
331 silly ADD
332 silly ADD
333 silly ADD
334 silly ADD
335 silly ADD
336 silly ADD
337 silly ADD
338 silly ADD
339 silly ADD
340 silly ADD
341 silly ADD
342 silly ADD
343 silly ADD
344 silly ADD
345 silly ADD
346 silly ADD
347 silly ADD
348 silly ADD
349 silly ADD
350 silly ADD
351 silly ADD
352 silly ADD
353 silly ADD
354 silly ADD
355 silly ADD
356 silly ADD
357 silly ADD
358 silly ADD
359 silly ADD
360 silly ADD
361 silly ADD
362 silly ADD
363 silly ADD
364 silly ADD
365 silly ADD
366 silly ADD
367 silly ADD
368 silly ADD
369 silly ADD
370 silly ADD
371 silly ADD
372 silly ADD
373 silly ADD
374 silly ADD
375 silly ADD
376 silly ADD
377 silly ADD
378 silly ADD
379 silly ADD
380 silly ADD
381 silly ADD
382 silly ADD
383 silly ADD
384 silly ADD
385 silly ADD
386 silly ADD
387 silly ADD
388 silly ADD
389 silly ADD
390 silly ADD
391 silly ADD
392 silly ADD
393 silly ADD
394 silly ADD
395 notice
395 notice New [31mmajor[39m version of npm available! [31m10.7.0[39m -> [34m11.7.0[39m
395 notice Changelog: [34mhttps://github.com/npm/cli/releases/tag/v11.7.0[39m
395 notice To update run: [4mnpm install -g npm@11.7.0[24m
395 notice  { force: true, [Symbol(proc-log.meta)]: true }
396 verbose exit 0
397 info ok
